C51 COMPILER V9.54   MAIN                                                                  04/03/2022 20:07:59 PAGE 1   


C51 COMPILER V9.54, COMPILATION OF MODULE MAIN
OBJECT MODULE PLACED IN .\Objects\main.obj
COMPILER INVOKED BY: D:\software\keil5\C51\BIN\C51.EXE main.c OPTIMIZE(8,SPEED) BROWSE DEBUG OBJECTEXTEND PRINT(.\Listin
                    -gs\main.lst) TABS(2) OBJECT(.\Objects\main.obj)

line level    source

   1          #include "mxkey.h"
   2          #include <regx52.h>
   3          #include "dk.h"
   4          #include "LCD1602.h"
   5          #include <dk.h>
   6          #define k1 P3_1
   7          #define k2 P3_0
   8          #define k3 P3_2
   9          #define k4 P3_3
  10          unsigned int count,n1,n2,n3,n4,kn,pw;
  11          void main()
  12          {
  13   1        Timer0_Init();
  14   1        while(1)
  15   1        {
  16   2          Nt(4,n1);
  17   2          Nt(3,n2);
  18   2          Nt(2,n3);
  19   2          Nt(1,n4);
  20   2          if(k1==0)   
  21   2          {
  22   3            delay(20);
  23   3            while(k1==0);
  24   3            delay(20);
  25   3            n1--;
  26   3          }
  27   2          if(k2==0)   
  28   2          {
  29   3            delay(20);
  30   3            while(k2==0);
  31   3            delay(20);
  32   3            n1++;
  33   3          }
  34   2          if(k3==0)   
  35   2          {
  36   3            delay(20);
  37   3            while(k3==0);
  38   3            delay(20);
  39   3            n1=~n1;
  40   3          }
  41   2          kn=mxkey();
  42   2          switch(kn)
  43   2          {
  44   3            case 1:n2+=1;break;
  45   3            case 2:n3+=1;break;
  46   3            case 3:n4+=1;break;
  47   3            case 4:n1=n2=n3=n4=0;break;
  48   3          }
  49   2      
  50   2        }
  51   1      }
  52          
  53          void Timer0_Routine() interrupt 1
  54          {
C51 COMPILER V9.54   MAIN                                                                  04/03/2022 20:07:59 PAGE 2   

  55   1        TH0=64535/256;
  56   1        TL0=64535%256;
  57   1        count++;
  58   1        if(count>+1000)
  59   1        {
  60   2          count=0;
  61   2          Nt(4,n1++);
  62   2          Nt(3,n2);
  63   2          Nt(2,n3);
  64   2          Nt(1,n4);
  65   2        }
  66   1          while (n1 == 9)
  67   1          {
  68   2            n1 = 0;
  69   2            n2++;
  70   2          }
  71   1          while (n2 == 9)
  72   1          {
  73   2            n2 = 0;
  74   2            n3++;
  75   2          }
  76   1          while (n3 == 9)
  77   1          {
  78   2            n3 = 0;
  79   2            n4++;
  80   2          }
  81   1      }


MODULE INFORMATION:   STATIC OVERLAYABLE
   CODE SIZE        =    403    ----
   CONSTANT SIZE    =   ----    ----
   XDATA SIZE       =   ----    ----
   PDATA SIZE       =   ----    ----
   DATA SIZE        =     14    ----
   IDATA SIZE       =   ----    ----
   BIT SIZE         =   ----    ----
END OF MODULE INFORMATION.


C51 COMPILATION COMPLETE.  0 WARNING(S),  0 ERROR(S)
